#
# There is insufficient memory for the Java Runtime Environment to continue.
# Native memory allocation (mmap) failed to map 264241152 bytes for G1 virtual space
# Possible reasons:
#   The system is out of physical RAM or swap space
#   The process is running with CompressedOops enabled, and the Java Heap may be blocking the growth of the native heap
# Possible solutions:
#   Reduce memory load on the system
#   Increase physical memory or swap space
#   Check if swap backing store is full
#   Decrease Java heap size (-Xmx/-Xms)
#   Decrease number of Java threads
#   Decrease Java thread stack sizes (-Xss)
#   Set larger code cache with -XX:ReservedCodeCacheSize=
#   JVM is running with Zero Based Compressed Oops mode in which the Java heap is
#     placed in the first 32GB address space. The Java Heap base address is the
#     maximum limit for the native heap growth. Please use -XX:HeapBaseMinAddress
#     to set the Java Heap base and to place the Java Heap above 32GB virtual address.
# This output file may be truncated or incomplete.
#
#  Out of Memory Error (os_windows.cpp:3550), pid=65736, tid=64944
#
# JRE version:  (17.0.8+9) (build )
# Java VM: Java HotSpot(TM) 64-Bit Server VM (17.0.8+9-LTS-211, mixed mode, emulated-client, sharing, tiered, compressed oops, compressed class ptrs, g1 gc, windows-amd64)
# No core dump will be written. Minidumps are not enabled by default on client versions of Windows
#

---------------  S U M M A R Y ------------

Command Line: -agentlib:jdwp=transport=dt_socket,address=127.0.0.1:12552,suspend=y,server=n --add-opens=java.base/java.lang=ALL-UNNAMED -XX:TieredStopAtLevel=1 -Dspring.output.ansi.enabled=always -Dcom.sun.management.jmxremote -Dspring.jmx.enabled=true -Dspring.liveBeansView.mbeanDomain -Dspring.application.admin.enabled=true -Dmanagement.endpoints.jmx.exposure.include=* -javaagent:C:\Users\qudehu\AppData\Local\JetBrains\IntelliJIdea2023.2\captureAgent\debugger-agent.jar -Dfile.encoding=UTF-8 com.dehu.stock.AlibabaStockSeataApplication

Host: 12th Gen Intel(R) Core(TM) i5-12500H, 16 cores, 15G,  Windows 11 , 64 bit Build 22621 (10.0.22621.2361)
Time: Fri Nov 17 14:49:35 2023  Windows 11 , 64 bit Build 22621 (10.0.22621.2361) elapsed time: 0.020932 seconds (0d 0h 0m 0s)

---------------  T H R E A D  ---------------

Current thread (0x000001bc17cb2a50):  JavaThread "Unknown thread" [_thread_in_vm, id=64944, stack(0x0000002977100000,0x0000002977200000)]

Stack: [0x0000002977100000,0x0000002977200000]
Native frames: (J=compiled Java code, j=interpreted, Vv=VM code, C=native code)
V  [jvm.dll+0x677d0a]
V  [jvm.dll+0x7d8c54]
V  [jvm.dll+0x7da3fe]
V  [jvm.dll+0x7daa63]
V  [jvm.dll+0x245c5f]
V  [jvm.dll+0x674bb9]
V  [jvm.dll+0x6694f2]
V  [jvm.dll+0x3031d6]
V  [jvm.dll+0x30a756]
V  [jvm.dll+0x359f9e]
V  [jvm.dll+0x35a1cf]
V  [jvm.dll+0x2da3e8]
V  [jvm.dll+0x2db354]
V  [jvm.dll+0x7aa711]
V  [jvm.dll+0x367b51]
V  [jvm.dll+0x789979]
V  [jvm.dll+0x3eb05f]
V  [jvm.dll+0x3ecae1]
C  [jli.dll+0x5297]
C  [ucrtbase.dll+0x29363]
C  [KERNEL32.DLL+0x1257d]
C  [ntdll.dll+0x5aa78]


---------------  P R O C E S S  ---------------

Threads class SMR info:
_java_thread_list=0x00007ffd24c559d8, length=0, elements={
}

Java Threads: ( => current thread )

Other Threads:
  0x000001bc17d22be0 GCTaskThread "GC Thread#0" [stack: 0x0000002977200000,0x0000002977300000] [id=40760]
  0x000001bc15b4deb0 ConcurrentGCThread "G1 Main Marker" [stack: 0x0000002977300000,0x0000002977400000] [id=66416]
  0x000001bc15b4e8c0 ConcurrentGCThread "G1 Conc#0" [stack: 0x0000002977400000,0x0000002977500000] [id=65580]

[error occurred during error reporting (printing all threads), id 0xc0000005, EXCEPTION_ACCESS_VIOLATION (0xc0000005) at pc=0x00007ffd2448b047]

VM state: not at safepoint (not fully initialized)

VM Mutex/Monitor currently owned by a thread:  ([mutex/lock_event])
[0x000001bc17cafa70] Heap_lock - owner thread: 0x000001bc17cb2a50

Heap address: 0x0000000704400000, size: 4028 MB, Compressed Oops mode: Zero based, Oop shift amount: 3

CDS archive(s) mapped at: [0x0000000000000000-0x0000000000000000-0x0000000000000000), size 0, SharedBaseAddress: 0x0000000800000000, ArchiveRelocationMode: 1.
Narrow klass base: 0x0000000000000000, Narrow klass shift: 0, Narrow klass range: 0x0

GC Precious Log:
<Empty>

Heap:
 garbage-first heap   total 0K, used 0K [0x0000000704400000, 0x0000000800000000)
  region size 2048K, 0 young (0K), 0 survivors (0K)

[error occurred during error reporting (printing heap information), id 0xc0000005, EXCEPTION_ACCESS_VIOLATION (0xc0000005) at pc=0x00007ffd24871499]

GC Heap History (0 events):
No events

Deoptimization events (0 events):
No events

Classes unloaded (0 events):
No events

Classes redefined (0 events):
No events

Internal exceptions (0 events):
No events

VM Operations (0 events):
No events

Events (2 events):
Event: 0.010 Loaded shared library D:\dev\java\jdk\bin\java.dll
Event: 0.012 Loaded shared library D:\dev\java\jdk\bin\zip.dll


Dynamic libraries:
0x00007ff636b10000 - 0x00007ff636b20000 	D:\dev\java\jdk\bin\java.exe
0x00007ffda3b10000 - 0x00007ffda3d27000 	C:\Windows\SYSTEM32\ntdll.dll
0x00007ffda3220000 - 0x00007ffda32e4000 	C:\Windows\System32\KERNEL32.DLL
0x00007ffda1150000 - 0x00007ffda14f6000 	C:\Windows\System32\KERNELBASE.dll
0x00007ffda16d0000 - 0x00007ffda17e1000 	C:\Windows\System32\ucrtbase.dll
0x00007ffd90010000 - 0x00007ffd9002b000 	D:\dev\java\jdk\bin\VCRUNTIME140.dll
0x00007ffd8ff70000 - 0x00007ffd8ff89000 	D:\dev\java\jdk\bin\jli.dll
0x00007ffda3070000 - 0x00007ffda3120000 	C:\Windows\System32\ADVAPI32.dll
0x00007ffda2f90000 - 0x00007ffda3037000 	C:\Windows\System32\msvcrt.dll
0x00007ffda1d20000 - 0x00007ffda1dc6000 	C:\Windows\System32\sechost.dll
0x00007ffda24b0000 - 0x00007ffda25c7000 	C:\Windows\System32\RPCRT4.dll
0x00007ffda1a90000 - 0x00007ffda1c3e000 	C:\Windows\System32\USER32.dll
0x00007ffda0fb0000 - 0x00007ffda0fd6000 	C:\Windows\System32\win32u.dll
0x00007ffda37e0000 - 0x00007ffda3809000 	C:\Windows\System32\GDI32.dll
0x00007ffda0e90000 - 0x00007ffda0fa8000 	C:\Windows\System32\gdi32full.dll
0x00007ffda1500000 - 0x00007ffda159a000 	C:\Windows\System32\msvcp_win.dll
0x00007ffd82b90000 - 0x00007ffd82e23000 	C:\Windows\WinSxS\amd64_microsoft.windows.common-controls_6595b64144ccf1df_6.0.22621.2361_none_2712ced57382f843\COMCTL32.dll
0x00007ffd94970000 - 0x00007ffd9497a000 	C:\Windows\SYSTEM32\VERSION.dll
0x00007ffda1c60000 - 0x00007ffda1c91000 	C:\Windows\System32\IMM32.DLL
0x00007ffd8ff60000 - 0x00007ffd8ff6c000 	D:\dev\java\jdk\bin\vcruntime140_1.dll
0x00007ffd6d0c0000 - 0x00007ffd6d14e000 	D:\dev\java\jdk\bin\msvcp140.dll
0x00007ffd241a0000 - 0x00007ffd24d7e000 	D:\dev\java\jdk\bin\server\jvm.dll
0x00007ffda3060000 - 0x00007ffda3068000 	C:\Windows\System32\PSAPI.DLL
0x00007ffd95d20000 - 0x00007ffd95d54000 	C:\Windows\SYSTEM32\WINMM.dll
0x00007ffd95610000 - 0x00007ffd95619000 	C:\Windows\SYSTEM32\WSOCK32.dll
0x00007ffda1ca0000 - 0x00007ffda1d11000 	C:\Windows\System32\WS2_32.dll
0x00007ffd9ff30000 - 0x00007ffd9ff48000 	C:\Windows\SYSTEM32\kernel.appcore.dll
0x00007ffd8ff10000 - 0x00007ffd8ff1a000 	D:\dev\java\jdk\bin\jimage.dll
0x00007ffd9e850000 - 0x00007ffd9ea7e000 	C:\Windows\SYSTEM32\DBGHELP.DLL
0x00007ffda1fb0000 - 0x00007ffda233a000 	C:\Windows\System32\combase.dll
0x00007ffda1ed0000 - 0x00007ffda1fa7000 	C:\Windows\System32\OLEAUT32.dll
0x00007ffd91a70000 - 0x00007ffd91aa2000 	C:\Windows\SYSTEM32\dbgcore.DLL
0x00007ffda17f0000 - 0x00007ffda186a000 	C:\Windows\System32\bcryptPrimitives.dll
0x00007ffd83bd0000 - 0x00007ffd83c0b000 	D:\dev\java\jdk\bin\jdwp.dll
0x00007ffd982e0000 - 0x00007ffd982ee000 	D:\dev\java\jdk\bin\instrument.dll
0x00007ffd86b50000 - 0x00007ffd86b75000 	D:\dev\java\jdk\bin\java.dll
0x00007ffd86970000 - 0x00007ffd86988000 	D:\dev\java\jdk\bin\zip.dll

dbghelp: loaded successfully - version: 4.0.5 - missing functions: none
symbol engine: initialized successfully - sym options: 0x614 - pdb path: .;D:\dev\java\jdk\bin;C:\Windows\SYSTEM32;C:\Windows\WinSxS\amd64_microsoft.windows.common-controls_6595b64144ccf1df_6.0.22621.2361_none_2712ced57382f843;D:\dev\java\jdk\bin\server

VM Arguments:
jvm_args: -agentlib:jdwp=transport=dt_socket,address=127.0.0.1:12552,suspend=y,server=n --add-opens=java.base/java.lang=ALL-UNNAMED -XX:TieredStopAtLevel=1 -Dspring.output.ansi.enabled=always -Dcom.sun.management.jmxremote -Dspring.jmx.enabled=true -Dspring.liveBeansView.mbeanDomain -Dspring.application.admin.enabled=true -Dmanagement.endpoints.jmx.exposure.include=* -javaagent:C:\Users\qudehu\AppData\Local\JetBrains\IntelliJIdea2023.2\captureAgent\debugger-agent.jar -Dfile.encoding=UTF-8 
java_command: com.dehu.stock.AlibabaStockSeataApplication
java_class_path (initial): D:\backup\project\shangcheng\seata\alibaba-stock-seata\target\classes;D:\dev\repo\com\alibaba\cloud\spring-cloud-starter-alibaba-nacos-discovery\2.2.5.RELEASE\spring-cloud-starter-alibaba-nacos-discovery-2.2.5.RELEASE.jar;D:\dev\repo\com\alibaba\cloud\spring-cloud-alibaba-commons\2.2.5.RELEASE\spring-cloud-alibaba-commons-2.2.5.RELEASE.jar;D:\dev\repo\com\alibaba\nacos\nacos-client\1.4.1\nacos-client-1.4.1.jar;D:\dev\repo\com\alibaba\nacos\nacos-common\1.4.1\nacos-common-1.4.1.jar;D:\dev\repo\commons-io\commons-io\2.2\commons-io-2.2.jar;D:\dev\repo\org\apache\httpcomponents\httpasyncclient\4.1.4\httpasyncclient-4.1.4.jar;D:\dev\repo\org\apache\httpcomponents\httpcore\4.4.14\httpcore-4.4.14.jar;D:\dev\repo\org\apache\httpcomponents\httpcore-nio\4.4.14\httpcore-nio-4.4.14.jar;D:\dev\repo\com\alibaba\nacos\nacos-api\1.4.1\nacos-api-1.4.1.jar;D:\dev\repo\com\google\guava\guava\29.0-jre\guava-29.0-jre.jar;D:\dev\repo\com\google\guava\failureaccess\1.0.1\failureaccess-1.0.1.jar;D:\dev\repo\com\google\guava\listenablefuture\9999.0-empty-to-avoid-conflict-with-guava\listenablefuture-9999.0-empty-to-avoid-conflict-with-guava.jar;D:\dev\repo\com\google\code\findbugs\jsr305\3.0.2\jsr305-3.0.2.jar;D:\dev\repo\org\checkerframework\checker-qual\2.11.1\checker-qual-2.11.1.jar;D:\dev\repo\com\google\errorprone\error_prone_annotations\2.3.4\error_prone_annotations-2.3.4.jar;D:\dev\repo\com\google\j2objc\j2objc-annotations\1.3\j2objc-annotations-1.3.jar;D:\dev\repo\commons-codec\commons-codec\1.14\commons-codec-1.14.jar;D:\dev\repo\com\fasterxml\jackson\core\jackson-core\2.11.4\jackson-core-2.11.4.jar;D:\dev\repo\com\fasterxml\jackson\core\jackson-databind\2.11.4\jackson-databind-2.11.4.jar;D:\dev\repo\com\fasterxml\jackson\core\jackson-annotations\2.11.4\jackson-annotations-2.11.4.jar;D:\dev\repo\io\prometheus\simpleclient\0.5.0\simpleclient-0.5.0.jar;D:\dev\repo\com\alibaba\spring\spring-context-support\1.0.10\spring-context-support-1.0.10.jar;D:\dev\re
Launcher Type: SUN_STANDARD

[Global flags]
     intx CICompilerCount                          = 12                                        {product} {ergonomic}
     uint ConcGCThreads                            = 3                                         {product} {ergonomic}
     uint G1ConcRefinementThreads                  = 13                                        {product} {ergonomic}
   size_t G1HeapRegionSize                         = 2097152                                   {product} {ergonomic}
    uintx GCDrainStackTargetSize                   = 64                                        {product} {ergonomic}
   size_t InitialHeapSize                          = 264241152                                 {product} {ergonomic}
     bool ManagementServer                         = true                                      {product} {command line}
   size_t MarkStackSize                            = 4194304                                   {product} {ergonomic}
   size_t MaxHeapSize                              = 4223664128                                {product} {ergonomic}
   size_t MinHeapDeltaBytes                        = 2097152                                   {product} {ergonomic}
   size_t MinHeapSize                              = 8388608                                   {product} {ergonomic}
    uintx NonProfiledCodeHeapSize                  = 0                                      {pd product} {ergonomic}
     bool ProfileInterpreter                       = false                                  {pd product} {command line}
    uintx ProfiledCodeHeapSize                     = 0                                      {pd product} {ergonomic}
   size_t SoftMaxHeapSize                          = 4223664128                             {manageable} {ergonomic}
     intx TieredStopAtLevel                        = 1                                         {product} {command line}
     bool UseCompressedClassPointers               = true                           {product lp64_product} {ergonomic}
     bool UseCompressedOops                        = true                           {product lp64_product} {ergonomic}
     bool UseG1GC                                  = true                                      {product} {ergonomic}
     bool UseLargePagesIndividualAllocation        = false                                  {pd product} {ergonomic}

Logging:
Log output configuration:
 #0: stdout all=warning uptime,level,tags
 #1: stderr all=off uptime,level,tags

Environment Variables:
JAVA_HOME=D:\dev\java\jdk
PATH=C:\Python311\Scripts\;C:\Python311\;D:\dev\vmware\bin\;C:\Program Files\Common Files\Oracle\Java\javapath;C:\Program Files (x86)\Common Files\Oracle\Java\javapath;D:\dev\nTrun_V3.1.1\Goto;C:\Windows\system32;C:\Windows;C:\Windows\System32\Wbem;C:\Windows\System32\WindowsPowerShell\v1.0\;C:\Windows\System32\OpenSSH\;C:\Program Files (x86)\NVIDIA Corporation\PhysX\Common;C:\Program Files\NVIDIA Corporation\NVIDIA NvDLISR;D:\dev\Bandizip\;D:\dev\java\jdk\bin;D:\dev\Git\cmd;D:\dev\nodejs\;C:\ProgramData\chocolatey\bin;D:\dev\weChatDev\微信web开发者工具\dll;C:\Users\qudehu\AppData\Local\Microsoft\WindowsApps;;D:\dev\Microsoft VS Code\bin;D:\dev\idea\IntelliJ IDEA 2023.2.1\bin;;D:\dev\webstrom\WebStorm 2023.2.1\bin;;D:\dev\PyCharm\PyCharm 2023.2.1\bin;;C:\Users\qudehu\AppData\Roaming\npm
USERNAME=qudehu
OS=Windows_NT
PROCESSOR_IDENTIFIER=Intel64 Family 6 Model 154 Stepping 3, GenuineIntel



---------------  S Y S T E M  ---------------

OS:
 Windows 11 , 64 bit Build 22621 (10.0.22621.2361)
OS uptime: 2 days 5:55 hours
Hyper-V role detected

CPU: total 16 (initial active 16) (8 cores per cpu, 2 threads per core) family 6 model 154 stepping 3 microcode 0x428, cx8, cmov, fxsr, ht, mmx, 3dnowpref, sse, sse2, sse3, ssse3, sse4.1, sse4.2, popcnt, lzcnt, tsc, tscinvbit, avx, avx2, aes, erms, clmul, bmi1, bmi2, adx, sha, fma, vzeroupper, clflush, clflushopt, clwb, hv

Memory: 4k page, system-wide physical 16109M (917M free)
TotalPageFile size 41709M (AvailPageFile size 248M)
current process WorkingSet (physical memory assigned to process): 12M, peak: 12M
current process commit charge ("private bytes"): 66M, peak: 317M

vm_info: Java HotSpot(TM) 64-Bit Server VM (17.0.8+9-LTS-211) for windows-amd64 JRE (17.0.8+9-LTS-211), built on Jun 14 2023 10:34:31 by "mach5one" with MS VC++ 17.1 (VS2022)

END.
